C:\USERS\GABRIELA\DESKTOP\FALL_2012\___WORKING____\_A150_NEW\LECTURES_INCLASS_NEW\08_ARRAYS\08_SEARCHING_AN_ARRAY\DEBUG\PROJECT.EXE
C:\USERS\GABRIELA\DESKTOP\FALL_2012\___WORKING____\_A150_NEW\LECTURES_INCLASS_NEW\08_ARRAYS\08_SEARCHING_AN_ARRAY\DEBUG\PROJECT.ILK
C:\USERS\GABRIELA\DESKTOP\FALL_2012\___WORKING____\_A150_NEW\LECTURES_INCLASS_NEW\08_ARRAYS\08_SEARCHING_AN_ARRAY\DEBUG\PROJECT.PDB
C:\Users\Gabriela\Desktop\Fall_2012\___WORKING____\_A150_NEW\Lectures_inclass_new\08_Arrays\08_searching_an_array\Project\Debug\cl.command.1.tlog
C:\Users\Gabriela\Desktop\Fall_2012\___WORKING____\_A150_NEW\Lectures_inclass_new\08_Arrays\08_searching_an_array\Project\Debug\CL.read.1.tlog
C:\Users\Gabriela\Desktop\Fall_2012\___WORKING____\_A150_NEW\Lectures_inclass_new\08_Arrays\08_searching_an_array\Project\Debug\CL.write.1.tlog
C:\Users\Gabriela\Desktop\Fall_2012\___WORKING____\_A150_NEW\Lectures_inclass_new\08_Arrays\08_searching_an_array\Project\Debug\link.command.1.tlog
C:\Users\Gabriela\Desktop\Fall_2012\___WORKING____\_A150_NEW\Lectures_inclass_new\08_Arrays\08_searching_an_array\Project\Debug\link.read.1.tlog
C:\Users\Gabriela\Desktop\Fall_2012\___WORKING____\_A150_NEW\Lectures_inclass_new\08_Arrays\08_searching_an_array\Project\Debug\link.write.1.tlog
C:\USERS\GABRIELA\DESKTOP\FALL_2012\___WORKING____\_A150_NEW\LECTURES_INCLASS_NEW\08_ARRAYS\08_SEARCHING_AN_ARRAY\PROJECT\DEBUG\MAIN.OBJ
C:\Users\Gabriela\Desktop\Fall_2012\___WORKING____\_A150_NEW\Lectures_inclass_new\08_Arrays\08_searching_an_array\Project\Debug\mt.command.1.tlog
C:\Users\Gabriela\Desktop\Fall_2012\___WORKING____\_A150_NEW\Lectures_inclass_new\08_Arrays\08_searching_an_array\Project\Debug\mt.read.1.tlog
C:\Users\Gabriela\Desktop\Fall_2012\___WORKING____\_A150_NEW\Lectures_inclass_new\08_Arrays\08_searching_an_array\Project\Debug\mt.write.1.tlog
C:\USERS\GABRIELA\DESKTOP\FALL_2012\___WORKING____\_A150_NEW\LECTURES_INCLASS_NEW\08_ARRAYS\08_SEARCHING_AN_ARRAY\PROJECT\DEBUG\PROJECT.EXE.INTERMEDIATE.MANIFEST
C:\Users\Gabriela\Desktop\Fall_2012\___WORKING____\_A150_NEW\Lectures_inclass_new\08_Arrays\08_searching_an_array\Project\Debug\vc100.idb
C:\USERS\GABRIELA\DESKTOP\FALL_2012\___WORKING____\_A150_NEW\LECTURES_INCLASS_NEW\08_ARRAYS\08_SEARCHING_AN_ARRAY\PROJECT\DEBUG\VC100.PDB
C:\USERS\GABRIELA\DESKTOP\PROJECT\DEBUG\PROJECT.EXE
C:\USERS\GABRIELA\DESKTOP\PROJECT\DEBUG\PROJECT.ILK
C:\USERS\GABRIELA\DESKTOP\PROJECT\DEBUG\PROJECT.PDB
C:\USERS\GABRIELA\DESKTOP\PROJECT\PROJECT\DEBUG\MAIN.OBJ
C:\USERS\GABRIELA\DESKTOP\PROJECT\PROJECT\DEBUG\PROJECT.EXE.INTERMEDIATE.MANIFEST
C:\USERS\GABRIELA\DESKTOP\PROJECT\PROJECT\DEBUG\VC100.PDB
