Build started 5/13/2013 11:48:05 AM.
     1>Project "G:\__CS_A150_TODAY\_Day_1\18_Virtual_functions\18_virtual_functions_files\18_virtual_1\Project\Project.vcxproj" on node 2 (build target(s)).
     1>InitializeBuildStatus:
         Creating "Debug\Project.unsuccessfulbuild" because "AlwaysCreate" was specified.
       ClCompile:
         C:\Program Files (x86)\Microsoft Visual Studio 10.0\VC\bin\CL.exe /c /ZI /nologo /W3 /WX- /Od /Oy- /D _MBCS /Gm /EHsc /RTC1 /MDd /GS /fp:precise /Zc:wchar_t /Zc:forScope /Fo"Debug\\" /Fd"Debug\vc100.pdb" /Gd /TP /analyze- /errorReport:prompt BaseClass.cpp DerivedClass.cpp Main.cpp
         BaseClass.cpp
         Generating Code...
         Compiling...
         Main.cpp
         DerivedClass.cpp
         Generating Code...
       Link:
         C:\Program Files (x86)\Microsoft Visual Studio 10.0\VC\bin\link.exe /ERRORREPORT:PROMPT /OUT:"G:\__CS_A150_TODAY\_Day_1\18_Virtual_functions\18_virtual_functions_files\18_virtual_1\Debug\Project.exe" /NOLOGO kernel32.lib user32.lib gdi32.lib winspool.lib comdlg32.lib advapi32.lib shell32.lib ole32.lib oleaut32.lib uuid.lib odbc32.lib odbccp32.lib /MANIFEST /ManifestFile:"Debug\Project.exe.intermediate.manifest" /MANIFESTUAC:"level='asInvoker' uiAccess='false'" /DEBUG /PDB:"G:\__CS_A150_TODAY\_Day_1\18_Virtual_functions\18_virtual_functions_files\18_virtual_1\Debug\Project.pdb" /TLBID:1 /DYNAMICBASE /NXCOMPAT /IMPLIB:"G:\__CS_A150_TODAY\_Day_1\18_Virtual_functions\18_virtual_functions_files\18_virtual_1\Debug\Project.lib" /MACHINE:X86 Debug\BaseClass.obj
         Debug\DerivedClass.obj
         Debug\Main.obj
         LINK : G:\__CS_A150_TODAY\_Day_1\18_Virtual_functions\18_virtual_functions_files\18_virtual_1\Debug\Project.exe not found or not built by the last incremental link; performing full link
         Project.vcxproj -> G:\__CS_A150_TODAY\_Day_1\18_Virtual_functions\18_virtual_functions_files\18_virtual_1\Debug\Project.exe
       Manifest:
         C:\Program Files (x86)\Microsoft SDKs\Windows\v7.0A\bin\mt.exe /nologo /verbose /outputresource:"G:\__CS_A150_TODAY\_Day_1\18_Virtual_functions\18_virtual_functions_files\18_virtual_1\Debug\Project.exe;#1" /manifest Debug\Project.exe.intermediate.manifest
       FinalizeBuildStatus:
         Deleting file "Debug\Project.unsuccessfulbuild".
         Touching "Debug\Project.lastbuildstate".
     1>Done Building Project "G:\__CS_A150_TODAY\_Day_1\18_Virtual_functions\18_virtual_functions_files\18_virtual_1\Project\Project.vcxproj" (build target(s)).

Build succeeded.

Time Elapsed 00:00:10.74
